TwitterClone/TwitterClone/ParseStarterProject/build/intermediates/manifest_merge_blame_file/debug/manifest-merger-blame-debug-report.txt
1<?xml version="1.0" encoding="utf-8"?>
2<manifest xmlns:android="http://schemas.android.com/apk/res/android"
3    package="com.parse.starter"
4    android:versionCode="1"
5    android:versionName="1.0" >
6
7    <uses-sdk
8        android:minSdkVersion="26"
8-->src\main\AndroidManifest.xml
9        android:targetSdkVersion="29" />
9-->src\main\AndroidManifest.xml
10
11    <uses-permission android:name="android.permission.INTERNET" />
11-->src\main\AndroidManifest.xml:5:5-67
11-->src\main\AndroidManifest.xml:5:22-64
12    <uses-permission android:name="android.permission.ACCESS_NETWORK_STATE" />
12-->src\main\AndroidManifest.xml:6:5-79
12-->src\main\AndroidManifest.xml:6:22-76
13    <uses-permission android:name="android.permission.READ_EXTERNAL_STORAGE" />
13-->src\main\AndroidManifest.xml:7:5-80
13-->src\main\AndroidManifest.xml:7:22-77
14    <uses-permission android:name="android.permission.ACCESS_FINE_LOCATION" />
14-->src\main\AndroidManifest.xml:8:5-79
14-->src\main\AndroidManifest.xml:8:22-76
15
16    <!-- Optional permission for Analytics to run. -->
17    <uses-permission android:name="android.permission.WAKE_LOCK" /> <!-- Required by older versions of Google Play services to create GCM registration tokens -->
17-->[com.google.android.gms:play-services-analytics:12.0.1] AndroidManifest.xml:27:5-68
17-->[com.google.android.gms:play-services-analytics:12.0.1] AndroidManifest.xml:27:22-65
18    <uses-permission android:name="com.google.android.c2dm.permission.RECEIVE" />
18-->[com.google.android.gms:play-services-gcm:12.0.1] AndroidManifest.xml:23:5-82
18-->[com.google.android.gms:play-services-gcm:12.0.1] AndroidManifest.xml:23:22-79
19
20    <uses-feature
20-->[com.google.android.gms:play-services-maps:12.0.1] AndroidManifest.xml:26:5-28:35
21        android:glEsVersion="0x00020000"
21-->[com.google.android.gms:play-services-maps:12.0.1] AndroidManifest.xml:27:9-41
22        android:required="true" />
22-->[com.google.android.gms:play-services-maps:12.0.1] AndroidManifest.xml:28:9-32
23
24    <permission
24-->[com.google.firebase:firebase-iid:12.0.1] AndroidManifest.xml:28:5-30:47
25        android:name="com.parse.starter.permission.C2D_MESSAGE"
25-->[com.google.firebase:firebase-iid:12.0.1] AndroidManifest.xml:29:9-63
26        android:protectionLevel="signature" />
26-->[com.google.firebase:firebase-iid:12.0.1] AndroidManifest.xml:30:9-44
27
28    <uses-permission android:name="com.parse.starter.permission.C2D_MESSAGE" />
28-->[com.google.firebase:firebase-iid:12.0.1] AndroidManifest.xml:32:5-79
28-->[com.google.firebase:firebase-iid:12.0.1] AndroidManifest.xml:32:22-76
29
30    <application
30-->src\main\AndroidManifest.xml:10:5-28:19
31        android:name="com.parse.starter.StarterApplication"
31-->src\main\AndroidManifest.xml:11:9-43
32        android:allowBackup="true"
32-->src\main\AndroidManifest.xml:12:9-35
33        android:appComponentFactory="androidx.core.app.CoreComponentFactory"
33-->[androidx.core:core:1.0.0] AndroidManifest.xml:22:18-86
34        android:debuggable="true"
35        android:extractNativeLibs="false"
36        android:icon="@mipmap/ic_launcher"
36-->src\main\AndroidManifest.xml:13:9-43
37        android:label="@string/app_name"
37-->src\main\AndroidManifest.xml:14:9-41
38        android:theme="@style/AppTheme"
38-->src\main\AndroidManifest.xml:15:9-40
39        android:usesCleartextTraffic="true" >
39-->src\main\AndroidManifest.xml:16:9-44
40        <activity android:name="com.parse.starter.FeedActivity" />
40-->src\main\AndroidManifest.xml:17:9-59
40-->src\main\AndroidManifest.xml:17:19-47
41        <activity android:name="com.parse.starter.UsersActivity" />
41-->src\main\AndroidManifest.xml:18:9-51
41-->src\main\AndroidManifest.xml:18:19-48
42        <activity
42-->src\main\AndroidManifest.xml:19:9-27:20
43            android:name="com.parse.starter.MainActivity"
43-->src\main\AndroidManifest.xml:20:13-41
44            android:label="@string/app_name" >
44-->src\main\AndroidManifest.xml:21:13-45
45            <intent-filter>
45-->src\main\AndroidManifest.xml:22:13-26:29
46                <action android:name="android.intent.action.MAIN" />
46-->src\main\AndroidManifest.xml:23:17-69
46-->src\main\AndroidManifest.xml:23:25-66
47
48                <category android:name="android.intent.category.LAUNCHER" />
48-->src\main\AndroidManifest.xml:25:17-77
48-->src\main\AndroidManifest.xml:25:27-74
49            </intent-filter>
50        </activity>
51
52        <receiver android:name="com.google.android.gms.cast.framework.media.MediaIntentReceiver" />
52-->[com.google.android.gms:play-services-cast-framework:12.0.1] AndroidManifest.xml:8:9-100
52-->[com.google.android.gms:play-services-cast-framework:12.0.1] AndroidManifest.xml:8:19-97
53
54        <service android:name="com.google.android.gms.cast.framework.media.MediaNotificationService" />
54-->[com.google.android.gms:play-services-cast-framework:12.0.1] AndroidManifest.xml:10:9-104
54-->[com.google.android.gms:play-services-cast-framework:12.0.1] AndroidManifest.xml:10:18-101
55        <service android:name="com.google.android.gms.cast.framework.ReconnectionService" /> <!-- Include the AdActivity and InAppPurchaseActivity configChanges and themes. -->
55-->[com.google.android.gms:play-services-cast-framework:12.0.1] AndroidManifest.xml:11:9-93
55-->[com.google.android.gms:play-services-cast-framework:12.0.1] AndroidManifest.xml:11:18-90
56        <activity
56-->[com.google.android.gms:play-services-ads-lite:12.0.1] AndroidManifest.xml:29:9-33:64
57            android:name="com.google.android.gms.ads.AdActivity"
57-->[com.google.android.gms:play-services-ads-lite:12.0.1] AndroidManifest.xml:30:13-65
58            android:configChanges="keyboard|keyboardHidden|orientation|screenLayout|uiMode|screenSize|smallestScreenSize"
58-->[com.google.android.gms:play-services-ads-lite:12.0.1] AndroidManifest.xml:31:13-122
59            android:exported="false"
59-->[com.google.android.gms:play-services-ads-lite:12.0.1] AndroidManifest.xml:32:13-37
60            android:theme="@android:style/Theme.Translucent" />
60-->[com.google.android.gms:play-services-ads-lite:12.0.1] AndroidManifest.xml:33:13-61
61
62        <receiver
62-->[com.google.android.gms:play-services-analytics:12.0.1] AndroidManifest.xml:30:9-34:20
63            android:name="com.google.android.gms.analytics.AnalyticsReceiver"
63-->[com.google.android.gms:play-services-analytics:12.0.1] AndroidManifest.xml:31:13-78
64            android:enabled="true"
64-->[com.google.android.gms:play-services-analytics:12.0.1] AndroidManifest.xml:32:13-35
65            android:exported="false" >
65-->[com.google.android.gms:play-services-analytics:12.0.1] AndroidManifest.xml:33:13-37
66        </receiver>
67
68        <service
68-->[com.google.android.gms:play-services-analytics:12.0.1] AndroidManifest.xml:36:9-39:40
69            android:name="com.google.android.gms.analytics.AnalyticsService"
69-->[com.google.android.gms:play-services-analytics:12.0.1] AndroidManifest.xml:37:13-77
70            android:enabled="true"
70-->[com.google.android.gms:play-services-analytics:12.0.1] AndroidManifest.xml:38:13-35
71            android:exported="false" />
71-->[com.google.android.gms:play-services-analytics:12.0.1] AndroidManifest.xml:39:13-37
72        <service
72-->[com.google.android.gms:play-services-analytics:12.0.1] AndroidManifest.xml:40:9-44:72
73            android:name="com.google.android.gms.analytics.AnalyticsJobService"
73-->[com.google.android.gms:play-services-analytics:12.0.1] AndroidManifest.xml:41:13-80
74            android:enabled="true"
74-->[com.google.android.gms:play-services-analytics:12.0.1] AndroidManifest.xml:42:13-35
75            android:exported="false"
75-->[com.google.android.gms:play-services-analytics:12.0.1] AndroidManifest.xml:43:13-37
76            android:permission="android.permission.BIND_JOB_SERVICE" />
76-->[com.google.android.gms:play-services-analytics:12.0.1] AndroidManifest.xml:44:13-69
77
78        <activity
78-->[com.google.android.gms:play-services-appinvite:12.0.1] AndroidManifest.xml:25:9-34:20
79            android:name="com.google.android.gms.appinvite.PreviewActivity"
79-->[com.google.android.gms:play-services-appinvite:12.0.1] AndroidManifest.xml:26:13-76
80            android:exported="true"
80-->[com.google.android.gms:play-services-appinvite:12.0.1] AndroidManifest.xml:27:13-36
81            android:theme="@style/Theme.AppInvite.Preview" >
81-->[com.google.android.gms:play-services-appinvite:12.0.1] AndroidManifest.xml:28:13-59
82            <intent-filter>
82-->[com.google.android.gms:play-services-appinvite:12.0.1] AndroidManifest.xml:29:13-33:29
83                <action android:name="com.google.android.gms.appinvite.ACTION_PREVIEW" />
83-->[com.google.android.gms:play-services-appinvite:12.0.1] AndroidManifest.xml:30:17-90
83-->[com.google.android.gms:play-services-appinvite:12.0.1] AndroidManifest.xml:30:25-87
84
85                <category android:name="android.intent.category.DEFAULT" />
85-->[com.google.android.gms:play-services-appinvite:12.0.1] AndroidManifest.xml:32:17-76
85-->[com.google.android.gms:play-services-appinvite:12.0.1] AndroidManifest.xml:32:27-73
86            </intent-filter>
87        </activity>
88        <activity
88-->[com.google.android.gms:play-services-auth:12.0.1] AndroidManifest.xml:23:9-27:75
89            android:name="com.google.android.gms.auth.api.signin.internal.SignInHubActivity"
89-->[com.google.android.gms:play-services-auth:12.0.1] AndroidManifest.xml:24:13-93
90            android:excludeFromRecents="true"
90-->[com.google.android.gms:play-services-auth:12.0.1] AndroidManifest.xml:25:13-46
91            android:exported="false"
91-->[com.google.android.gms:play-services-auth:12.0.1] AndroidManifest.xml:26:13-37
92            android:theme="@android:style/Theme.Translucent.NoTitleBar" />
92-->[com.google.android.gms:play-services-auth:12.0.1] AndroidManifest.xml:27:13-72
93        <!--
94            Service handling Google Sign-In user revocation. For apps that do not integrate with
95            Google Sign-In, this service will never be started.
96        -->
97        <service
97-->[com.google.android.gms:play-services-auth:12.0.1] AndroidManifest.xml:33:9-36:110
98            android:name="com.google.android.gms.auth.api.signin.RevocationBoundService"
98-->[com.google.android.gms:play-services-auth:12.0.1] AndroidManifest.xml:34:13-89
99            android:exported="true"
99-->[com.google.android.gms:play-services-auth:12.0.1] AndroidManifest.xml:35:13-36
100            android:permission="com.google.android.gms.auth.api.signin.permission.REVOCATION_NOTIFICATION" />
100-->[com.google.android.gms:play-services-auth:12.0.1] AndroidManifest.xml:36:13-107
101
102        <activity
102-->[com.google.firebase:firebase-auth:12.0.1] AndroidManifest.xml:23:9-29:75
103            android:name="com.google.firebase.auth.internal.FederatedSignInActivity"
103-->[com.google.firebase:firebase-auth:12.0.1] AndroidManifest.xml:24:13-85
104            android:excludeFromRecents="true"
104-->[com.google.firebase:firebase-auth:12.0.1] AndroidManifest.xml:25:13-46
105            android:exported="true"
105-->[com.google.firebase:firebase-auth:12.0.1] AndroidManifest.xml:26:13-36
106            android:launchMode="singleInstance"
106-->[com.google.firebase:firebase-auth:12.0.1] AndroidManifest.xml:27:13-48
107            android:permission="com.google.firebase.auth.api.gms.permission.LAUNCH_FEDERATED_SIGN_IN"
107-->[com.google.firebase:firebase-auth:12.0.1] AndroidManifest.xml:28:13-102
108            android:theme="@android:style/Theme.Translucent.NoTitleBar" />
108-->[com.google.firebase:firebase-auth:12.0.1] AndroidManifest.xml:29:13-72
109        <activity
109-->[com.google.android.gms:play-services-base:12.0.1] AndroidManifest.xml:23:9-26:75
110            android:name="com.google.android.gms.common.api.GoogleApiActivity"
110-->[com.google.android.gms:play-services-base:12.0.1] AndroidManifest.xml:24:13-79
111            android:exported="false"
111-->[com.google.android.gms:play-services-base:12.0.1] AndroidManifest.xml:25:13-37
112            android:theme="@android:style/Theme.Translucent.NoTitleBar" />
112-->[com.google.android.gms:play-services-base:12.0.1] AndroidManifest.xml:26:13-72
113        <!--
114             FirebaseMessagingService performs security checks at runtime,
115             no need for explicit permissions despite exported="true"
116        -->
117        <service
117-->[com.google.firebase:firebase-messaging:12.0.1] AndroidManifest.xml:28:9-34:19
118            android:name="com.google.firebase.messaging.FirebaseMessagingService"
118-->[com.google.firebase:firebase-messaging:12.0.1] AndroidManifest.xml:29:13-82
119            android:exported="true" >
119-->[com.google.firebase:firebase-messaging:12.0.1] AndroidManifest.xml:30:13-36
120            <intent-filter android:priority="-500" >
120-->[com.google.firebase:firebase-messaging:12.0.1] AndroidManifest.xml:31:13-33:29
120-->[com.google.firebase:firebase-messaging:12.0.1] AndroidManifest.xml:31:28-51
121                <action android:name="com.google.firebase.MESSAGING_EVENT" />
121-->[com.google.firebase:firebase-messaging:12.0.1] AndroidManifest.xml:32:17-78
121-->[com.google.firebase:firebase-messaging:12.0.1] AndroidManifest.xml:32:25-75
122            </intent-filter>
123        </service>
124        <service
124-->[com.google.android.gms:play-services-tagmanager-api:12.0.1] AndroidManifest.xml:27:9-30:40
125            android:name="com.google.android.gms.tagmanager.TagManagerService"
125-->[com.google.android.gms:play-services-tagmanager-api:12.0.1] AndroidManifest.xml:28:13-79
126            android:enabled="true"
126-->[com.google.android.gms:play-services-tagmanager-api:12.0.1] AndroidManifest.xml:29:13-35
127            android:exported="false" />
127-->[com.google.android.gms:play-services-tagmanager-api:12.0.1] AndroidManifest.xml:30:13-37
128
129        <activity
129-->[com.google.android.gms:play-services-tagmanager-api:12.0.1] AndroidManifest.xml:32:9-44:20
130            android:name="com.google.android.gms.tagmanager.TagManagerPreviewActivity"
130-->[com.google.android.gms:play-services-tagmanager-api:12.0.1] AndroidManifest.xml:33:13-87
131            android:exported="true"
131-->[com.google.android.gms:play-services-tagmanager-api:12.0.1] AndroidManifest.xml:34:13-36
132            android:noHistory="true" > <!-- optional, removes the previewActivity from the activity stack. -->
132-->[com.google.android.gms:play-services-tagmanager-api:12.0.1] AndroidManifest.xml:35:13-37
133            <intent-filter>
133-->[com.google.android.gms:play-services-tagmanager-api:12.0.1] AndroidManifest.xml:36:13-43:29
134                <data android:scheme="tagmanager.c.com.parse.starter" />
134-->[com.google.android.gms:play-services-tagmanager-api:12.0.1] AndroidManifest.xml:37:17-72
134-->[com.google.android.gms:play-services-tagmanager-api:12.0.1] AndroidManifest.xml:37:23-69
135
136                <action android:name="android.intent.action.VIEW" />
136-->[com.google.android.gms:play-services-tagmanager-api:12.0.1] AndroidManifest.xml:39:17-69
136-->[com.google.android.gms:play-services-tagmanager-api:12.0.1] AndroidManifest.xml:39:25-66
137
138                <category android:name="android.intent.category.DEFAULT" />
138-->[com.google.android.gms:play-services-appinvite:12.0.1] AndroidManifest.xml:32:17-76
138-->[com.google.android.gms:play-services-appinvite:12.0.1] AndroidManifest.xml:32:27-73
139                <category android:name="android.intent.category.BROWSABLE" />
139-->[com.google.android.gms:play-services-tagmanager-api:12.0.1] AndroidManifest.xml:42:17-78
139-->[com.google.android.gms:play-services-tagmanager-api:12.0.1] AndroidManifest.xml:42:27-75
140            </intent-filter>
141        </activity>
142
143        <receiver
143-->[com.google.firebase:firebase-analytics:12.0.1] AndroidManifest.xml:28:9-32:20
144            android:name="com.google.android.gms.measurement.AppMeasurementReceiver"
144-->[com.google.firebase:firebase-analytics:12.0.1] AndroidManifest.xml:29:13-85
145            android:enabled="true"
145-->[com.google.firebase:firebase-analytics:12.0.1] AndroidManifest.xml:30:13-35
146            android:exported="false" >
146-->[com.google.firebase:firebase-analytics:12.0.1] AndroidManifest.xml:31:13-37
147        </receiver>
148        <receiver
148-->[com.google.firebase:firebase-analytics:12.0.1] AndroidManifest.xml:33:9-41:20
149            android:name="com.google.android.gms.measurement.AppMeasurementInstallReferrerReceiver"
149-->[com.google.firebase:firebase-analytics:12.0.1] AndroidManifest.xml:34:13-100
150            android:enabled="true"
150-->[com.google.firebase:firebase-analytics:12.0.1] AndroidManifest.xml:35:13-35
151            android:exported="true"
151-->[com.google.firebase:firebase-analytics:12.0.1] AndroidManifest.xml:36:13-36
152            android:permission="android.permission.INSTALL_PACKAGES" >
152-->[com.google.firebase:firebase-analytics:12.0.1] AndroidManifest.xml:37:13-69
153            <intent-filter>
153-->[com.google.firebase:firebase-analytics:12.0.1] AndroidManifest.xml:38:13-40:29
154                <action android:name="com.android.vending.INSTALL_REFERRER" />
154-->[com.google.firebase:firebase-analytics:12.0.1] AndroidManifest.xml:39:17-79
154-->[com.google.firebase:firebase-analytics:12.0.1] AndroidManifest.xml:39:25-76
155            </intent-filter>
156        </receiver>
157
158        <service
158-->[com.google.firebase:firebase-analytics:12.0.1] AndroidManifest.xml:43:9-46:40
159            android:name="com.google.android.gms.measurement.AppMeasurementService"
159-->[com.google.firebase:firebase-analytics:12.0.1] AndroidManifest.xml:44:13-84
160            android:enabled="true"
160-->[com.google.firebase:firebase-analytics:12.0.1] AndroidManifest.xml:45:13-35
161            android:exported="false" />
161-->[com.google.firebase:firebase-analytics:12.0.1] AndroidManifest.xml:46:13-37
162        <service
162-->[com.google.firebase:firebase-analytics:12.0.1] AndroidManifest.xml:47:9-51:72
163            android:name="com.google.android.gms.measurement.AppMeasurementJobService"
163-->[com.google.firebase:firebase-analytics:12.0.1] AndroidManifest.xml:48:13-87
164            android:enabled="true"
164-->[com.google.firebase:firebase-analytics:12.0.1] AndroidManifest.xml:49:13-35
165            android:exported="false"
165-->[com.google.firebase:firebase-analytics:12.0.1] AndroidManifest.xml:50:13-37
166            android:permission="android.permission.BIND_JOB_SERVICE" />
166-->[com.google.firebase:firebase-analytics:12.0.1] AndroidManifest.xml:51:13-69
167
168        <receiver
168-->[com.google.firebase:firebase-iid:12.0.1] AndroidManifest.xml:35:9-44:20
169            android:name="com.google.firebase.iid.FirebaseInstanceIdReceiver"
169-->[com.google.firebase:firebase-iid:12.0.1] AndroidManifest.xml:36:13-78
170            android:exported="true"
170-->[com.google.firebase:firebase-iid:12.0.1] AndroidManifest.xml:37:13-36
171            android:permission="com.google.android.c2dm.permission.SEND" >
171-->[com.google.firebase:firebase-iid:12.0.1] AndroidManifest.xml:38:13-73
172            <intent-filter>
172-->[com.google.firebase:firebase-iid:12.0.1] AndroidManifest.xml:39:13-43:29
173                <action android:name="com.google.android.c2dm.intent.RECEIVE" />
173-->[com.google.firebase:firebase-iid:12.0.1] AndroidManifest.xml:40:17-81
173-->[com.google.firebase:firebase-iid:12.0.1] AndroidManifest.xml:40:25-78
174
175                <category android:name="com.parse.starter" />
175-->[com.google.firebase:firebase-iid:12.0.1] AndroidManifest.xml:42:17-61
175-->[com.google.firebase:firebase-iid:12.0.1] AndroidManifest.xml:42:27-58
176            </intent-filter>
177        </receiver>
178        <!--
179             FirebaseInstanceIdService performs security checks at runtime,
180             no need for explicit permissions despite exported="true"
181        -->
182        <service
182-->[com.google.firebase:firebase-iid:12.0.1] AndroidManifest.xml:50:9-56:19
183            android:name="com.google.firebase.iid.FirebaseInstanceIdService"
183-->[com.google.firebase:firebase-iid:12.0.1] AndroidManifest.xml:51:13-77
184            android:exported="true" >
184-->[com.google.firebase:firebase-iid:12.0.1] AndroidManifest.xml:52:13-36
185            <intent-filter android:priority="-500" >
185-->[com.google.firebase:firebase-iid:12.0.1] AndroidManifest.xml:53:13-55:29
185-->[com.google.firebase:firebase-iid:12.0.1] AndroidManifest.xml:53:28-51
186                <action android:name="com.google.firebase.INSTANCE_ID_EVENT" />
186-->[com.google.firebase:firebase-iid:12.0.1] AndroidManifest.xml:54:17-80
186-->[com.google.firebase:firebase-iid:12.0.1] AndroidManifest.xml:54:25-77
187            </intent-filter>
188        </service>
189
190        <provider
190-->[com.google.firebase:firebase-common:12.0.1] AndroidManifest.xml:8:9-12:39
191            android:name="com.google.firebase.provider.FirebaseInitProvider"
191-->[com.google.firebase:firebase-common:12.0.1] AndroidManifest.xml:9:13-77
192            android:authorities="com.parse.starter.firebaseinitprovider"
192-->[com.google.firebase:firebase-common:12.0.1] AndroidManifest.xml:10:13-72
193            android:exported="false"
193-->[com.google.firebase:firebase-common:12.0.1] AndroidManifest.xml:11:13-37
194            android:initOrder="100" />
194-->[com.google.firebase:firebase-common:12.0.1] AndroidManifest.xml:12:13-36
195
196        <meta-data
196-->[com.google.android.gms:play-services-basement:12.0.1] AndroidManifest.xml:23:9-25:69
197            android:name="com.google.android.gms.version"
197-->[com.google.android.gms:play-services-basement:12.0.1] AndroidManifest.xml:24:13-58
198            android:value="@integer/google_play_services_version" />
198-->[com.google.android.gms:play-services-basement:12.0.1] AndroidManifest.xml:25:13-66
199    </application>
200
201</manifest>